CRITICAL - 2025-08-26 12:43:57 --> ErrorException: Default value for property of type string may not be null. Use the nullable type ?string to allow null default value
[Method: CLI, Route: make:migration/CreateUsersTable]
in APPPATH\Config\Migrations.php on line 53.
 1 [internal function]: CodeIgniter\Debug\Exceptions->shutdownHandler()
ERROR - 2025-08-26 13:11:39 --> mysqli_sql_exception: Invalid default value for 'enrollment_date' in C:\xampp\htdocs\ITE311-TUDAL\system\Database\MySQLi\Connection.php:327
Stack trace:
#0 C:\xampp\htdocs\ITE311-TUDAL\system\Database\MySQLi\Connection.php(327): mysqli->query('CREATE TABLE `e...', 0)
#1 C:\xampp\htdocs\ITE311-TUDAL\system\Database\BaseConnection.php(729): CodeIgniter\Database\MySQLi\Connection->execute('CREATE TABLE `e...')
#2 C:\xampp\htdocs\ITE311-TUDAL\system\Database\BaseConnection.php(646): CodeIgniter\Database\BaseConnection->simpleQuery('CREATE TABLE `e...')
#3 C:\xampp\htdocs\ITE311-TUDAL\system\Database\Forge.php(570): CodeIgniter\Database\BaseConnection->query('CREATE TABLE `e...')
#4 C:\xampp\htdocs\ITE311-TUDAL\app\Database\Migrations\2025-08-26-125708_CreateEnrollmentsTable.php(60): CodeIgniter\Database\Forge->createTable('enrollments')
#5 C:\xampp\htdocs\ITE311-TUDAL\system\Database\MigrationRunner.php(876): App\Database\Migrations\CreateEnrollmentsTable->up()
#6 C:\xampp\htdocs\ITE311-TUDAL\system\Database\MigrationRunner.php(182): CodeIgniter\Database\MigrationRunner->migrate('up', Object(stdClass))
#7 C:\xampp\htdocs\ITE311-TUDAL\system\Commands\Database\Migrate.php(85): CodeIgniter\Database\MigrationRunner->latest(NULL)
#8 C:\xampp\htdocs\ITE311-TUDAL\system\CLI\Commands.php(74): CodeIgniter\Commands\Database\Migrate->run(Array)
#9 C:\xampp\htdocs\ITE311-TUDAL\system\CLI\Console.php(47): CodeIgniter\CLI\Commands->run('migrate', Array)
#10 C:\xampp\htdocs\ITE311-TUDAL\system\Boot.php(388): CodeIgniter\CLI\Console->run()
#11 C:\xampp\htdocs\ITE311-TUDAL\system\Boot.php(133): CodeIgniter\Boot::runCommand(Object(CodeIgniter\CLI\Console))
#12 C:\xampp\htdocs\ITE311-TUDAL\spark(87): CodeIgniter\Boot::bootSpark(Object(Config\Paths))
#13 {main}
CRITICAL - 2025-08-26 13:49:32 --> ErrorException: Cannot redeclare App\Database\Migrations\CreateLessonsTable::up()
[Method: CLI, Route: migrate]
in APPPATH\Database\Migrations\2025-08-26-125721_CreateLessonsTable.php on line 17.
 1 [internal function]: CodeIgniter\Debug\Exceptions->shutdownHandler()
